Current Temperature: 100000
Best Temperature:
Best Rate:
Best Neighbor Num:
Current Cooling Rate: 0.91
Time for a truck number iteration exceeded (15s)
Time for a truck number iteration exceeded (15s)
Time for a truck number iteration exceeded (15s)
Time for a truck number iteration exceeded (15s)
Time for a truck number iteration exceeded (15s)
Time for a truck number iteration exceeded (15s)
Lowest sum: 10000000

Sum: 72652.66

Current Cooling Rate: 0.92
Time for a truck number iteration exceeded (15s)
Time for a truck number iteration exceeded (15s)
Time for a truck number iteration exceeded (15s)
Time for a truck number iteration exceeded (15s)
Time for a truck number iteration exceeded (15s)
Time for a truck number iteration exceeded (15s)
Lowest sum: 72652.66

Sum: 74855.7

Current Cooling Rate: 0.93
Time for a truck number iteration exceeded (15s)
Time for a truck number iteration exceeded (15s)
Time for a truck number iteration exceeded (15s)
Time for a truck number iteration exceeded (15s)
Time for a truck number iteration exceeded (15s)
Time for a truck number iteration exceeded (15s)
Lowest sum: 72652.66

Sum: 75011.32

Current Cooling Rate: 0.94
Time for a truck number iteration exceeded (15s)
Time for a truck number iteration exceeded (15s)
Time for a truck number iteration exceeded (15s)
Time for a truck number iteration exceeded (15s)
Time for a truck number iteration exceeded (15s)
Time for a truck number iteration exceeded (15s)
Lowest sum: 72652.66

Sum: 75011.7

Current Cooling Rate: 0.95
Time for a truck number iteration exceeded (15s)
Time for a truck number iteration exceeded (15s)
Time for a truck number iteration exceeded (15s)
Time for a truck number iteration exceeded (15s)
Time for a truck number iteration exceeded (15s)
Lowest sum: 72652.66

Sum: 73677.78

Current Cooling Rate: 0.96
Time for a truck number iteration exceeded (15s)
Time for a truck number iteration exceeded (15s)
Time for a truck number iteration exceeded (15s)
Time for a truck number iteration exceeded (15s)
Time for a truck number iteration exceeded (15s)
Time for a truck number iteration exceeded (15s)
Lowest sum: 72652.66

Sum: 77699.75

Current Cooling Rate: 0.97
Time for a truck number iteration exceeded (15s)
Time for a truck number iteration exceeded (15s)
Time for a truck number iteration exceeded (15s)
Time for a truck number iteration exceeded (15s)
Time for a truck number iteration exceeded (15s)
Time for a truck number iteration exceeded (15s)
Lowest sum: 72652.66

Sum: 75261.35

Current Temperature: 200000
Best Temperature: 100000
Best Rate: 0.91
Best Neighbor Num:
Current Cooling Rate: 0.91
Time for a truck number iteration exceeded (15s)
Time for a truck number iteration exceeded (15s)
Time for a truck number iteration exceeded (15s)
Time for a truck number iteration exceeded (15s)
Time for a truck number iteration exceeded (15s)
Time for a truck number iteration exceeded (15s)
Lowest sum: 72652.66

Sum: 69066.99

Current Cooling Rate: 0.92
Time for a truck number iteration exceeded (15s)
Time for a truck number iteration exceeded (15s)
Time for a truck number iteration exceeded (15s)
Time for a truck number iteration exceeded (15s)
Time for a truck number iteration exceeded (15s)
Time for a truck number iteration exceeded (15s)
Lowest sum: 69066.99

Sum: 76116.03

Current Cooling Rate: 0.93
Time for a truck number iteration exceeded (15s)
Time for a truck number iteration exceeded (15s)
Time for a truck number iteration exceeded (15s)
Time for a truck number iteration exceeded (15s)
Time for a truck number iteration exceeded (15s)
Lowest sum: 69066.99

Sum: 74930.22

Current Cooling Rate: 0.94
Time for a truck number iteration exceeded (15s)
Time for a truck number iteration exceeded (15s)
Time for a truck number iteration exceeded (15s)
Time for a truck number iteration exceeded (15s)
Time for a truck number iteration exceeded (15s)
Time for a truck number iteration exceeded (15s)
Lowest sum: 69066.99

Sum: 71146.7

Current Cooling Rate: 0.95
Time for a truck number iteration exceeded (15s)
Time for a truck number iteration exceeded (15s)
Time for a truck number iteration exceeded (15s)
Time for a truck number iteration exceeded (15s)
Time for a truck number iteration exceeded (15s)
Time for a truck number iteration exceeded (15s)
Lowest sum: 69066.99

Sum: 75443.83

Current Cooling Rate: 0.96
Time for a truck number iteration exceeded (15s)
Time for a truck number iteration exceeded (15s)
Time for a truck number iteration exceeded (15s)
Time for a truck number iteration exceeded (15s)
Time for a truck number iteration exceeded (15s)
Time for a truck number iteration exceeded (15s)
Lowest sum: 69066.99

Sum: 74884.52

Current Cooling Rate: 0.97
Time for a truck number iteration exceeded (15s)
Time for a truck number iteration exceeded (15s)
Time for a truck number iteration exceeded (15s)
Time for a truck number iteration exceeded (15s)
Time for a truck number iteration exceeded (15s)
Time for a truck number iteration exceeded (15s)
Lowest sum: 69066.99

Sum: 75753.36

Current Temperature: 300000
Best Temperature: 200000
Best Rate: 0.91
Best Neighbor Num:
Current Cooling Rate: 0.91
Time for a truck number iteration exceeded (15s)
Time for a truck number iteration exceeded (15s)
Time for a truck number iteration exceeded (15s)
Time for a truck number iteration exceeded (15s)
Time for a truck number iteration exceeded (15s)
Time for a truck number iteration exceeded (15s)
Lowest sum: 69066.99

Sum: 70532.32

Current Cooling Rate: 0.92
Time for a truck number iteration exceeded (15s)
Time for a truck number iteration exceeded (15s)
Time for a truck number iteration exceeded (15s)
Time for a truck number iteration exceeded (15s)
Time for a truck number iteration exceeded (15s)
Time for a truck number iteration exceeded (15s)
Lowest sum: 69066.99

Sum: 80167.44

Current Cooling Rate: 0.93
Time for a truck number iteration exceeded (15s)
Time for a truck number iteration exceeded (15s)
Time for a truck number iteration exceeded (15s)
Time for a truck number iteration exceeded (15s)
Time for a truck number iteration exceeded (15s)
Lowest sum: 69066.99

Sum: 75235.67

Current Cooling Rate: 0.94
Time for a truck number iteration exceeded (15s)
Time for a truck number iteration exceeded (15s)
Time for a truck number iteration exceeded (15s)
Time for a truck number iteration exceeded (15s)
Time for a truck number iteration exceeded (15s)
Lowest sum: 69066.99

Sum: 75431.03

Current Cooling Rate: 0.95
Time for a truck number iteration exceeded (15s)
Time for a truck number iteration exceeded (15s)
Time for a truck number iteration exceeded (15s)
Time for a truck number iteration exceeded (15s)
Time for a truck number iteration exceeded (15s)
Time for a truck number iteration exceeded (15s)
Lowest sum: 69066.99

Sum: 75577.72

Current Cooling Rate: 0.96
Time for a truck number iteration exceeded (15s)
Time for a truck number iteration exceeded (15s)
Time for a truck number iteration exceeded (15s)
Time for a truck number iteration exceeded (15s)
Time for a truck number iteration exceeded (15s)
Time for a truck number iteration exceeded (15s)
Lowest sum: 69066.99

Sum: 75173.92

Current Cooling Rate: 0.97
Time for a truck number iteration exceeded (15s)
Time for a truck number iteration exceeded (15s)
Time for a truck number iteration exceeded (15s)
Time for a truck number iteration exceeded (15s)
Time for a truck number iteration exceeded (15s)
Time for a truck number iteration exceeded (15s)
Lowest sum: 69066.99

Sum: 77052.14

Current Temperature: 400000
Best Temperature: 200000
Best Rate: 0.91
Best Neighbor Num:
Current Cooling Rate: 0.91
Time for a truck number iteration exceeded (15s)
Time for a truck number iteration exceeded (15s)
Time for a truck number iteration exceeded (15s)
Time for a truck number iteration exceeded (15s)
Time for a truck number iteration exceeded (15s)
Time for a truck number iteration exceeded (15s)
Lowest sum: 69066.99

Sum: 72847.63

Current Cooling Rate: 0.92
Time for a truck number iteration exceeded (15s)
Time for a truck number iteration exceeded (15s)
Time for a truck number iteration exceeded (15s)
Time for a truck number iteration exceeded (15s)
Time for a truck number iteration exceeded (15s)
Time for a truck number iteration exceeded (15s)
Lowest sum: 69066.99

Sum: 73731.07

Current Cooling Rate: 0.93
Time for a truck number iteration exceeded (15s)
Time for a truck number iteration exceeded (15s)
Time for a truck number iteration exceeded (15s)
Time for a truck number iteration exceeded (15s)
Time for a truck number iteration exceeded (15s)
Time for a truck number iteration exceeded (15s)
Lowest sum: 69066.99

Sum: 73756.19

Current Cooling Rate: 0.94
Time for a truck number iteration exceeded (15s)
Time for a truck number iteration exceeded (15s)
Time for a truck number iteration exceeded (15s)
Time for a truck number iteration exceeded (15s)
Time for a truck number iteration exceeded (15s)
Time for a truck number iteration exceeded (15s)
Lowest sum: 69066.99

Sum: 73691.45

Current Cooling Rate: 0.95
Time for a truck number iteration exceeded (15s)
Time for a truck number iteration exceeded (15s)
Time for a truck number iteration exceeded (15s)
Time for a truck number iteration exceeded (15s)
Time for a truck number iteration exceeded (15s)
Time for a truck number iteration exceeded (15s)
Lowest sum: 69066.99

Sum: 70638.68

Current Cooling Rate: 0.96
Time for a truck number iteration exceeded (15s)
Time for a truck number iteration exceeded (15s)
Time for a truck number iteration exceeded (15s)
Time for a truck number iteration exceeded (15s)
Time for a truck number iteration exceeded (15s)
Time for a truck number iteration exceeded (15s)
Lowest sum: 69066.99

Sum: 72592.34

Current Cooling Rate: 0.97
Time for a truck number iteration exceeded (15s)
Time for a truck number iteration exceeded (15s)
Time for a truck number iteration exceeded (15s)
Time for a truck number iteration exceeded (15s)
Time for a truck number iteration exceeded (15s)
Time for a truck number iteration exceeded (15s)
Lowest sum: 69066.99

Sum: 70954.86

Current Temperature: 500000
Best Temperature: 200000
Best Rate: 0.91
Best Neighbor Num:
Current Cooling Rate: 0.91
Time for a truck number iteration exceeded (15s)
Time for a truck number iteration exceeded (15s)
Time for a truck number iteration exceeded (15s)
Time for a truck number iteration exceeded (15s)
Time for a truck number iteration exceeded (15s)
Time for a truck number iteration exceeded (15s)
Lowest sum: 69066.99

Sum: 74467.24

Current Cooling Rate: 0.92
Time for a truck number iteration exceeded (15s)
Time for a truck number iteration exceeded (15s)
Time for a truck number iteration exceeded (15s)
Time for a truck number iteration exceeded (15s)
Time for a truck number iteration exceeded (15s)
Time for a truck number iteration exceeded (15s)
Lowest sum: 69066.99

Sum: 76226

Current Cooling Rate: 0.93
Time for a truck number iteration exceeded (15s)
Time for a truck number iteration exceeded (15s)
Time for a truck number iteration exceeded (15s)
Time for a truck number iteration exceeded (15s)
Time for a truck number iteration exceeded (15s)
Time for a truck number iteration exceeded (15s)
Lowest sum: 69066.99

Sum: 72744.16

Current Cooling Rate: 0.94
Time for a truck number iteration exceeded (15s)
Time for a truck number iteration exceeded (15s)
Time for a truck number iteration exceeded (15s)
Time for a truck number iteration exceeded (15s)
Time for a truck number iteration exceeded (15s)
Time for a truck number iteration exceeded (15s)
Lowest sum: 69066.99

Sum: 74306.22

Current Cooling Rate: 0.95
Time for a truck number iteration exceeded (15s)
Time for a truck number iteration exceeded (15s)
Time for a truck number iteration exceeded (15s)
Time for a truck number iteration exceeded (15s)
Time for a truck number iteration exceeded (15s)
Time for a truck number iteration exceeded (15s)
Lowest sum: 69066.99

Sum: 73559.98

Current Cooling Rate: 0.96
Time for a truck number iteration exceeded (15s)
Time for a truck number iteration exceeded (15s)
Time for a truck number iteration exceeded (15s)
Time for a truck number iteration exceeded (15s)
Time for a truck number iteration exceeded (15s)
Time for a truck number iteration exceeded (15s)
Lowest sum: 69066.99

Sum: 72233.16

Current Cooling Rate: 0.97
Time for a truck number iteration exceeded (15s)
Time for a truck number iteration exceeded (15s)
Time for a truck number iteration exceeded (15s)
Time for a truck number iteration exceeded (15s)
Time for a truck number iteration exceeded (15s)
Time for a truck number iteration exceeded (15s)
Lowest sum: 69066.99

Sum: 72573.51

Current Temperature: 600000
Best Temperature: 200000
Best Rate: 0.91
Best Neighbor Num:
Current Cooling Rate: 0.91
Time for a truck number iteration exceeded (15s)
Time for a truck number iteration exceeded (15s)
Time for a truck number iteration exceeded (15s)
Time for a truck number iteration exceeded (15s)
Time for a truck number iteration exceeded (15s)
Lowest sum: 69066.99

Sum: 76962.74

Current Cooling Rate: 0.92
Time for a truck number iteration exceeded (15s)
Time for a truck number iteration exceeded (15s)
Time for a truck number iteration exceeded (15s)
Time for a truck number iteration exceeded (15s)
Time for a truck number iteration exceeded (15s)
Lowest sum: 69066.99

Sum: 73737.81

Current Cooling Rate: 0.93
Time for a truck number iteration exceeded (15s)
Time for a truck number iteration exceeded (15s)
Time for a truck number iteration exceeded (15s)
Time for a truck number iteration exceeded (15s)
Time for a truck number iteration exceeded (15s)
Time for a truck number iteration exceeded (15s)
Lowest sum: 69066.99

Sum: 75895.78

Current Cooling Rate: 0.94
Time for a truck number iteration exceeded (15s)
Time for a truck number iteration exceeded (15s)
Time for a truck number iteration exceeded (15s)
Time for a truck number iteration exceeded (15s)
Time for a truck number iteration exceeded (15s)
Time for a truck number iteration exceeded (15s)
Lowest sum: 69066.99

Sum: 75944.03

Current Cooling Rate: 0.95
Time for a truck number iteration exceeded (15s)
Time for a truck number iteration exceeded (15s)
Time for a truck number iteration exceeded (15s)
Time for a truck number iteration exceeded (15s)
Time for a truck number iteration exceeded (15s)
Time for a truck number iteration exceeded (15s)
Lowest sum: 69066.99

Sum: 75641.19

Current Cooling Rate: 0.96
Time for a truck number iteration exceeded (15s)
Time for a truck number iteration exceeded (15s)
Time for a truck number iteration exceeded (15s)
Time for a truck number iteration exceeded (15s)
Time for a truck number iteration exceeded (15s)
Time for a truck number iteration exceeded (15s)
Lowest sum: 69066.99

Sum: 74006.41

Current Cooling Rate: 0.97
Time for a truck number iteration exceeded (15s)
Time for a truck number iteration exceeded (15s)
Time for a truck number iteration exceeded (15s)
Time for a truck number iteration exceeded (15s)
Time for a truck number iteration exceeded (15s)
Time for a truck number iteration exceeded (15s)
Lowest sum: 69066.99

Sum: 68677.82

Current Temperature: 700000
Best Temperature: 600000
Best Rate: 0.97
Best Neighbor Num:
Current Cooling Rate: 0.91
Time for a truck number iteration exceeded (15s)
Time for a truck number iteration exceeded (15s)
Time for a truck number iteration exceeded (15s)
Time for a truck number iteration exceeded (15s)
Time for a truck number iteration exceeded (15s)
Time for a truck number iteration exceeded (15s)
Lowest sum: 68677.82

Sum: 70308.95

Current Cooling Rate: 0.92
Time for a truck number iteration exceeded (15s)
Time for a truck number iteration exceeded (15s)
Time for a truck number iteration exceeded (15s)
Time for a truck number iteration exceeded (15s)
Time for a truck number iteration exceeded (15s)
Time for a truck number iteration exceeded (15s)
Lowest sum: 68677.82

Sum: 74055.55

Current Cooling Rate: 0.93
Time for a truck number iteration exceeded (15s)
Time for a truck number iteration exceeded (15s)
Time for a truck number iteration exceeded (15s)
Time for a truck number iteration exceeded (15s)
Time for a truck number iteration exceeded (15s)
Time for a truck number iteration exceeded (15s)
Lowest sum: 68677.82

Sum: 76048.3

Current Cooling Rate: 0.94
Time for a truck number iteration exceeded (15s)
Time for a truck number iteration exceeded (15s)
Time for a truck number iteration exceeded (15s)
Time for a truck number iteration exceeded (15s)
Time for a truck number iteration exceeded (15s)
Time for a truck number iteration exceeded (15s)
Lowest sum: 68677.82

Sum: 74999.82

Current Cooling Rate: 0.95
Time for a truck number iteration exceeded (15s)
Time for a truck number iteration exceeded (15s)
Time for a truck number iteration exceeded (15s)
Time for a truck number iteration exceeded (15s)
Time for a truck number iteration exceeded (15s)
Time for a truck number iteration exceeded (15s)
Lowest sum: 68677.82

Sum: 72709.5

Current Cooling Rate: 0.96
Time for a truck number iteration exceeded (15s)
Time for a truck number iteration exceeded (15s)
Time for a truck number iteration exceeded (15s)
Time for a truck number iteration exceeded (15s)
Time for a truck number iteration exceeded (15s)
Time for a truck number iteration exceeded (15s)
Lowest sum: 68677.82

Sum: 77653.89

Current Cooling Rate: 0.97
Time for a truck number iteration exceeded (15s)
Time for a truck number iteration exceeded (15s)
Time for a truck number iteration exceeded (15s)
Time for a truck number iteration exceeded (15s)
Time for a truck number iteration exceeded (15s)
Time for a truck number iteration exceeded (15s)
Lowest sum: 68677.82

Sum: 71986.77

Current Temperature: 800000
Best Temperature: 600000
Best Rate: 0.97
Best Neighbor Num:
Current Cooling Rate: 0.91
Time for a truck number iteration exceeded (15s)
Time for a truck number iteration exceeded (15s)
Time for a truck number iteration exceeded (15s)
Time for a truck number iteration exceeded (15s)
Time for a truck number iteration exceeded (15s)
Time for a truck number iteration exceeded (15s)
Lowest sum: 68677.82

Sum: 78213.64

Current Cooling Rate: 0.92
Time for a truck number iteration exceeded (15s)
Time for a truck number iteration exceeded (15s)
Time for a truck number iteration exceeded (15s)
Time for a truck number iteration exceeded (15s)
Time for a truck number iteration exceeded (15s)
Time for a truck number iteration exceeded (15s)
Lowest sum: 68677.82

Sum: 74527.74

Current Cooling Rate: 0.93
Time for a truck number iteration exceeded (15s)
Time for a truck number iteration exceeded (15s)
Time for a truck number iteration exceeded (15s)
Time for a truck number iteration exceeded (15s)
Time for a truck number iteration exceeded (15s)
Time for a truck number iteration exceeded (15s)
Lowest sum: 68677.82

Sum: 77053.89

Current Cooling Rate: 0.94
Time for a truck number iteration exceeded (15s)
Time for a truck number iteration exceeded (15s)
Time for a truck number iteration exceeded (15s)
Time for a truck number iteration exceeded (15s)
Time for a truck number iteration exceeded (15s)
Time for a truck number iteration exceeded (15s)
Lowest sum: 68677.82

Sum: 75821.85

Current Cooling Rate: 0.95
Time for a truck number iteration exceeded (15s)
Time for a truck number iteration exceeded (15s)
Time for a truck number iteration exceeded (15s)
Time for a truck number iteration exceeded (15s)
Time for a truck number iteration exceeded (15s)
Time for a truck number iteration exceeded (15s)
Lowest sum: 68677.82

Sum: 74124.61

Current Cooling Rate: 0.96
Time for a truck number iteration exceeded (15s)
Time for a truck number iteration exceeded (15s)
Time for a truck number iteration exceeded (15s)
Time for a truck number iteration exceeded (15s)
Time for a truck number iteration exceeded (15s)
Time for a truck number iteration exceeded (15s)
Lowest sum: 68677.82

Sum: 76615.56

Current Cooling Rate: 0.97
Time for a truck number iteration exceeded (15s)
Time for a truck number iteration exceeded (15s)
Time for a truck number iteration exceeded (15s)
Time for a truck number iteration exceeded (15s)
Time for a truck number iteration exceeded (15s)
Time for a truck number iteration exceeded (15s)
Lowest sum: 68677.82

Sum: 72285.57

Current Temperature: 900000
Best Temperature: 600000
Best Rate: 0.97
Best Neighbor Num:
Current Cooling Rate: 0.91
Time for a truck number iteration exceeded (15s)
Time for a truck number iteration exceeded (15s)
Time for a truck number iteration exceeded (15s)
Time for a truck number iteration exceeded (15s)
Time for a truck number iteration exceeded (15s)
Time for a truck number iteration exceeded (15s)
Lowest sum: 68677.82

Sum: 72760.68

Current Cooling Rate: 0.92
Time for a truck number iteration exceeded (15s)
Time for a truck number iteration exceeded (15s)
Time for a truck number iteration exceeded (15s)
Time for a truck number iteration exceeded (15s)
Time for a truck number iteration exceeded (15s)
Lowest sum: 68677.82

Sum: 76758.38

Current Cooling Rate: 0.93
Time for a truck number iteration exceeded (15s)
Time for a truck number iteration exceeded (15s)
Time for a truck number iteration exceeded (15s)
Time for a truck number iteration exceeded (15s)
Time for a truck number iteration exceeded (15s)
Time for a truck number iteration exceeded (15s)
Lowest sum: 68677.82

Sum: 71897.32

Current Cooling Rate: 0.94
Time for a truck number iteration exceeded (15s)
Time for a truck number iteration exceeded (15s)
Time for a truck number iteration exceeded (15s)
Time for a truck number iteration exceeded (15s)
Time for a truck number iteration exceeded (15s)
Time for a truck number iteration exceeded (15s)
Lowest sum: 68677.82

Sum: 79469.95

Current Cooling Rate: 0.95
Time for a truck number iteration exceeded (15s)
Time for a truck number iteration exceeded (15s)
Time for a truck number iteration exceeded (15s)
Time for a truck number iteration exceeded (15s)
Time for a truck number iteration exceeded (15s)
Time for a truck number iteration exceeded (15s)
Lowest sum: 68677.82

Sum: 73554.18

Current Cooling Rate: 0.96
Time for a truck number iteration exceeded (15s)
Time for a truck number iteration exceeded (15s)
Time for a truck number iteration exceeded (15s)
Time for a truck number iteration exceeded (15s)
Time for a truck number iteration exceeded (15s)
Time for a truck number iteration exceeded (15s)
Lowest sum: 68677.82

Sum: 69794.71

Current Cooling Rate: 0.97
Time for a truck number iteration exceeded (15s)
Time for a truck number iteration exceeded (15s)
Time for a truck number iteration exceeded (15s)
Time for a truck number iteration exceeded (15s)
Time for a truck number iteration exceeded (15s)
Time for a truck number iteration exceeded (15s)
Lowest sum: 68677.82

Sum: 75456.89

Best Temperature: 600000
Best Rate: 0.97
Best Neighbor Num:
Finished Tuning at tuning.pl line 70.